<?xml version="1.0" encoding="UTF-8"?>
<testng-results skipped="0" failed="0" ignored="0" total="4" passed="4">
  <reporter-output>
  </reporter-output>
  <suite name="Suite" duration-ms="54197" started-at="2021-03-04T10:26:26Z" finished-at="2021-03-04T10:27:21Z">
    <groups>
      <group name="cucumber">
        <method signature="AbstractTestNGCucumberTests.runScenario(io.cucumber.testng.PickleWrapper, io.cucumber.testng.FeatureWrapper)[pri:0, instance:com.testingshastra.testrunner.RunnerTest@134d211]" name="runScenario" class="io.cucumber.testng.AbstractTestNGCucumberTests"/>
      </group> <!-- cucumber -->
    </groups>
    <test name="Test" duration-ms="54197" started-at="2021-03-04T10:26:26Z" finished-at="2021-03-04T10:27:21Z">
      <class name="com.testingshastra.testrunner.RunnerTest">
        <test-method status="PASS" signature="setUpClass()[pri:0, instance:com.testingshastra.testrunner.RunnerTest@134d211]" name="setUpClass" is-config="true" duration-ms="1172" started-at="2021-03-04T10:26:26Z" finished-at="2021-03-04T10:26:28Z">
          <reporter-output>
          </reporter-output>
        </test-method> <!-- setUpClass -->
        <test-method status="PASS" signature="runScenario(io.cucumber.testng.PickleWrapper, io.cucumber.testng.FeatureWrapper)[pri:0, instance:com.testingshastra.testrunner.RunnerTest@134d211]" name="runScenario" duration-ms="14018" started-at="2021-03-04T10:26:28Z" description="Runs Cucumber Scenarios" data-provider="scenarios" finished-at="2021-03-04T10:26:42Z">
          <params>
            <param index="0">
              <value>
                <![CDATA["verify  Account Number field for invalid data"]]>
              </value>
            </param>
            <param index="1">
              <value>
                <![CDATA["Optional[this feature test the add  bank functionality]"]]>
              </value>
            </param>
          </params>
          <reporter-output>
          </reporter-output>
        </test-method> <!-- runScenario -->
        <test-method status="PASS" signature="runScenario(io.cucumber.testng.PickleWrapper, io.cucumber.testng.FeatureWrapper)[pri:0, instance:com.testingshastra.testrunner.RunnerTest@134d211]" name="runScenario" duration-ms="12458" started-at="2021-03-04T10:26:42Z" description="Runs Cucumber Scenarios" data-provider="scenarios" finished-at="2021-03-04T10:26:54Z">
          <params>
            <param index="0">
              <value>
                <![CDATA["verify  Account Number field for invalid data"]]>
              </value>
            </param>
            <param index="1">
              <value>
                <![CDATA["Optional[this feature test the add  bank functionality]"]]>
              </value>
            </param>
          </params>
          <reporter-output>
          </reporter-output>
        </test-method> <!-- runScenario -->
        <test-method status="PASS" signature="runScenario(io.cucumber.testng.PickleWrapper, io.cucumber.testng.FeatureWrapper)[pri:0, instance:com.testingshastra.testrunner.RunnerTest@134d211]" name="runScenario" duration-ms="11840" started-at="2021-03-04T10:26:54Z" description="Runs Cucumber Scenarios" data-provider="scenarios" finished-at="2021-03-04T10:27:06Z">
          <params>
            <param index="0">
              <value>
                <![CDATA["verify  Account Number field for invalid data"]]>
              </value>
            </param>
            <param index="1">
              <value>
                <![CDATA["Optional[this feature test the add  bank functionality]"]]>
              </value>
            </param>
          </params>
          <reporter-output>
          </reporter-output>
        </test-method> <!-- runScenario -->
        <test-method status="PASS" signature="runScenario(io.cucumber.testng.PickleWrapper, io.cucumber.testng.FeatureWrapper)[pri:0, instance:com.testingshastra.testrunner.RunnerTest@134d211]" name="runScenario" duration-ms="11644" started-at="2021-03-04T10:27:06Z" description="Runs Cucumber Scenarios" data-provider="scenarios" finished-at="2021-03-04T10:27:18Z">
          <params>
            <param index="0">
              <value>
                <![CDATA["verify  Account Number field for invalid data"]]>
              </value>
            </param>
            <param index="1">
              <value>
                <![CDATA["Optional[this feature test the add  bank functionality]"]]>
              </value>
            </param>
          </params>
          <reporter-output>
          </reporter-output>
        </test-method> <!-- runScenario -->
        <test-method status="PASS" signature="tearDownClass()[pri:0, instance:com.testingshastra.testrunner.RunnerTest@134d211]" name="tearDownClass" is-config="true" duration-ms="2812" started-at="2021-03-04T10:27:18Z" finished-at="2021-03-04T10:27:21Z">
          <reporter-output>
          </reporter-output>
        </test-method> <!-- tearDownClass -->
      </class> <!-- com.testingshastra.testrunner.RunnerTest -->
    </test> <!-- Test -->
  </suite> <!-- Suite -->
</testng-results>
