<?xml version="1.0" encoding="UTF-8"?>
<testsuite xmlns:xsi="http://www.w3.org/2001/XMLSchema-instance" xsi:noNamespaceSchemaLocation="https://maven.apache.org/surefire/maven-surefire-plugin/xsd/surefire-test-report-3.0.xsd" version="3.0" name="TestSuite" time="62.136" tests="4" errors="0" skipped="0" failures="0">
  <properties>
[...]
</properties>
  <testcase name="runScenario[&quot;verify  Account Number field for invalid data&quot;, &quot;Optional[this feature test the add  bank functionality]&quot;](1)" classname="com.testingshastra.testrunner.RunnerTest" time="14.173">
    <system-out><![CDATA[[TestNGContentHandler] [WARN] It is strongly recommended to add "<!DOCTYPE suite SYSTEM "http://testng.org/testng-1.0.dtd" >" at the top of your file, otherwise TestNG may fail or not work as expected.
2021-03-04 15:56:32 [main] com.testingshashtra.utility.Config 
  INFO  Lunching Browser : http://103.50.162.196/testing/user-login.php
2021-03-04 15:56:36 [main] com.testingshshtra.pages.LoginPage 
  INFO  Getting dashboard text
2021-03-04 15:56:37 [main] com.testingshashtra.stepdefination.LoginTest 
  INFO  LOGIN SUCCESSFULLY and Redirect on  Dashboard Page
2021-03-04 15:56:37 [main] com.testingshashtra.stepdefination.AddBankTest 
  INFO  Master Menu Clicked
2021-03-04 15:56:39 [main] com.testingshashtra.stepdefination.AddBankTest 
  INFO  Bank Sub Menu Clicked
2021-03-04 15:56:39 [main] com.testingshashtra.stepdefination.AddBankTest 
  INFO  Waiting For Visibility Add Bank button
2021-03-04 15:56:39 [main] com.testingshshtra.pages.AddBankPage 
  INFO  Click On  Add Bank Button
2021-03-04 15:56:39 [main] com.testingshashtra.stepdefination.AddBankTest 
  INFO  Click on  Add Bank button
2021-03-04 15:56:39 [main] com.testingshshtra.pages.AddBankPage 
  INFO  Entering Bank Name dena
2021-03-04 15:56:39 [main] com.testingshshtra.pages.AddBankPage 
  INFO  Entering Account Name yxc
2021-03-04 15:56:39 [main] com.testingshshtra.pages.AddBankPage 
  INFO  Entering  Account number   
2021-03-04 15:56:40 [main] com.testingshshtra.pages.AddBankPage 
  INFO  Selecting  Account Type  Savings
2021-03-04 15:56:40 [main] com.testingshshtra.pages.AddBankPage 
  INFO  Entering IFSC Code  ABCD0012
2021-03-04 15:56:40 [main] com.testingshshtra.pages.AddBankPage 
  INFO  Entering MICR Code  123456789
2021-03-04 15:56:40 [main] com.testingshashtra.stepdefination.AddBankTest 
  INFO  Click on Submit button
2021-03-04 15:56:40 [main] com.testingshshtra.pages.AddBankPage 
  INFO  Click on Submit button
2021-03-04 15:56:40 [main] com.testingshashtra.stepdefination.AddBankTest 
  INFO  Asserting Error in Label 
2021-03-04 15:56:40 [main] com.testingshatra.setup.SeleniumBase 
  INFO  Browser Closed
]]></system-out>
    <system-err><![CDATA[SLF4J: Failed to load class "org.slf4j.impl.StaticLoggerBinder".
SLF4J: Defaulting to no-operation (NOP) logger implementation
SLF4J: See http://www.slf4j.org/codes.html#StaticLoggerBinder for further details.
Starting ChromeDriver 88.0.4324.96 (68dba2d8a0b149a1d3afac56fa74648032bcf46b-refs/branch-heads/4324@{#1784}) on port 40138
Only local connections are allowed.
Please see https://chromedriver.chromium.org/security-considerations for suggestions on keeping ChromeDriver safe.
ChromeDriver was started successfully.
Mar 04, 2021 3:56:31 PM org.openqa.selenium.remote.ProtocolHandshake createSession
INFO: Detected dialect: W3C
]]></system-err>
  </testcase>
  <testcase name="runScenario[&quot;verify  Account Number field for invalid data&quot;, &quot;Optional[this feature test the add  bank functionality]&quot;](2)" classname="com.testingshastra.testrunner.RunnerTest" time="12.47">
    <system-out><![CDATA[2021-03-04 15:56:45 [main] com.testingshashtra.utility.Config 
  INFO  Lunching Browser : http://103.50.162.196/testing/user-login.php
2021-03-04 15:56:49 [main] com.testingshshtra.pages.LoginPage 
  INFO  Getting dashboard text
2021-03-04 15:56:49 [main] com.testingshashtra.stepdefination.LoginTest 
  INFO  LOGIN SUCCESSFULLY and Redirect on  Dashboard Page
2021-03-04 15:56:50 [main] com.testingshashtra.stepdefination.AddBankTest 
  INFO  Master Menu Clicked
2021-03-04 15:56:51 [main] com.testingshashtra.stepdefination.AddBankTest 
  INFO  Bank Sub Menu Clicked
2021-03-04 15:56:51 [main] com.testingshashtra.stepdefination.AddBankTest 
  INFO  Waiting For Visibility Add Bank button
2021-03-04 15:56:52 [main] com.testingshshtra.pages.AddBankPage 
  INFO  Click On  Add Bank Button
2021-03-04 15:56:52 [main] com.testingshashtra.stepdefination.AddBankTest 
  INFO  Click on  Add Bank button
2021-03-04 15:56:52 [main] com.testingshshtra.pages.AddBankPage 
  INFO  Entering Bank Name dena bank
2021-03-04 15:56:52 [main] com.testingshshtra.pages.AddBankPage 
  INFO  Entering Account Name yxc
2021-03-04 15:56:52 [main] com.testingshshtra.pages.AddBankPage 
  INFO  Entering  Account number   123
2021-03-04 15:56:53 [main] com.testingshshtra.pages.AddBankPage 
  INFO  Selecting  Account Type  Savings
2021-03-04 15:56:53 [main] com.testingshshtra.pages.AddBankPage 
  INFO  Entering IFSC Code  ABCD0012
2021-03-04 15:56:53 [main] com.testingshshtra.pages.AddBankPage 
  INFO  Entering MICR Code  123456789
2021-03-04 15:56:53 [main] com.testingshashtra.stepdefination.AddBankTest 
  INFO  Click on Submit button
2021-03-04 15:56:53 [main] com.testingshshtra.pages.AddBankPage 
  INFO  Click on Submit button
2021-03-04 15:56:53 [main] com.testingshashtra.stepdefination.AddBankTest 
  INFO  Asserting Error in Label 
2021-03-04 15:56:53 [main] com.testingshashtra.stepdefination.AddBankTest 
  INFO  length of text is less than 5   And : Account Number Must Be Of 5 Digits
2021-03-04 15:56:53 [main] com.testingshatra.setup.SeleniumBase 
  INFO  Browser Closed
]]></system-out>
    <system-err><![CDATA[Starting ChromeDriver 88.0.4324.96 (68dba2d8a0b149a1d3afac56fa74648032bcf46b-refs/branch-heads/4324@{#1784}) on port 1334
Only local connections are allowed.
Please see https://chromedriver.chromium.org/security-considerations for suggestions on keeping ChromeDriver safe.
ChromeDriver was started successfully.
Mar 04, 2021 3:56:44 PM org.openqa.selenium.remote.ProtocolHandshake createSession
INFO: Detected dialect: W3C
]]></system-err>
  </testcase>
  <testcase name="runScenario[&quot;verify  Account Number field for invalid data&quot;, &quot;Optional[this feature test the add  bank functionality]&quot;](3)" classname="com.testingshastra.testrunner.RunnerTest" time="11.824">
    <system-out><![CDATA[2021-03-04 15:56:57 [main] com.testingshashtra.utility.Config 
  INFO  Lunching Browser : http://103.50.162.196/testing/user-login.php
2021-03-04 15:57:02 [main] com.testingshshtra.pages.LoginPage 
  INFO  Getting dashboard text
2021-03-04 15:57:02 [main] com.testingshashtra.stepdefination.LoginTest 
  INFO  LOGIN SUCCESSFULLY and Redirect on  Dashboard Page
2021-03-04 15:57:02 [main] com.testingshashtra.stepdefination.AddBankTest 
  INFO  Master Menu Clicked
2021-03-04 15:57:04 [main] com.testingshashtra.stepdefination.AddBankTest 
  INFO  Bank Sub Menu Clicked
2021-03-04 15:57:04 [main] com.testingshashtra.stepdefination.AddBankTest 
  INFO  Waiting For Visibility Add Bank button
2021-03-04 15:57:04 [main] com.testingshshtra.pages.AddBankPage 
  INFO  Click On  Add Bank Button
2021-03-04 15:57:04 [main] com.testingshashtra.stepdefination.AddBankTest 
  INFO  Click on  Add Bank button
2021-03-04 15:57:04 [main] com.testingshshtra.pages.AddBankPage 
  INFO  Entering Bank Name dena
2021-03-04 15:57:05 [main] com.testingshshtra.pages.AddBankPage 
  INFO  Entering Account Name yxc
2021-03-04 15:57:05 [main] com.testingshshtra.pages.AddBankPage 
  INFO  Entering  Account number   hello world
2021-03-04 15:57:05 [main] com.testingshshtra.pages.AddBankPage 
  INFO  Selecting  Account Type  Savings
2021-03-04 15:57:05 [main] com.testingshshtra.pages.AddBankPage 
  INFO  Entering IFSC Code  ABCD0012
2021-03-04 15:57:05 [main] com.testingshshtra.pages.AddBankPage 
  INFO  Entering MICR Code  123456789
2021-03-04 15:57:05 [main] com.testingshashtra.stepdefination.AddBankTest 
  INFO  Click on Submit button
2021-03-04 15:57:05 [main] com.testingshshtra.pages.AddBankPage 
  INFO  Click on Submit button
2021-03-04 15:57:05 [main] com.testingshashtra.stepdefination.AddBankTest 
  INFO  Asserting Error in Label 
2021-03-04 15:57:05 [main] com.testingshatra.setup.SeleniumBase 
  INFO  Browser Closed
]]></system-out>
    <system-err><![CDATA[Starting ChromeDriver 88.0.4324.96 (68dba2d8a0b149a1d3afac56fa74648032bcf46b-refs/branch-heads/4324@{#1784}) on port 46166
Only local connections are allowed.
Please see https://chromedriver.chromium.org/security-considerations for suggestions on keeping ChromeDriver safe.
ChromeDriver was started successfully.
Mar 04, 2021 3:56:57 PM org.openqa.selenium.remote.ProtocolHandshake createSession
INFO: Detected dialect: W3C
]]></system-err>
  </testcase>
  <testcase name="runScenario[&quot;verify  Account Number field for invalid data&quot;, &quot;Optional[this feature test the add  bank functionality]&quot;](4)" classname="com.testingshastra.testrunner.RunnerTest" time="11.655">
    <system-out><![CDATA[2021-03-04 15:57:09 [main] com.testingshashtra.utility.Config 
  INFO  Lunching Browser : http://103.50.162.196/testing/user-login.php
2021-03-04 15:57:13 [main] com.testingshshtra.pages.LoginPage 
  INFO  Getting dashboard text
2021-03-04 15:57:13 [main] com.testingshashtra.stepdefination.LoginTest 
  INFO  LOGIN SUCCESSFULLY and Redirect on  Dashboard Page
2021-03-04 15:57:14 [main] com.testingshashtra.stepdefination.AddBankTest 
  INFO  Master Menu Clicked
2021-03-04 15:57:15 [main] com.testingshashtra.stepdefination.AddBankTest 
  INFO  Bank Sub Menu Clicked
2021-03-04 15:57:15 [main] com.testingshashtra.stepdefination.AddBankTest 
  INFO  Waiting For Visibility Add Bank button
2021-03-04 15:57:15 [main] com.testingshshtra.pages.AddBankPage 
  INFO  Click On  Add Bank Button
2021-03-04 15:57:16 [main] com.testingshashtra.stepdefination.AddBankTest 
  INFO  Click on  Add Bank button
2021-03-04 15:57:16 [main] com.testingshshtra.pages.AddBankPage 
  INFO  Entering Bank Name dena
2021-03-04 15:57:16 [main] com.testingshshtra.pages.AddBankPage 
  INFO  Entering Account Name yxc
2021-03-04 15:57:16 [main] com.testingshshtra.pages.AddBankPage 
  INFO  Entering  Account number   123123654789874512365478
2021-03-04 15:57:17 [main] com.testingshshtra.pages.AddBankPage 
  INFO  Selecting  Account Type  Savings
2021-03-04 15:57:17 [main] com.testingshshtra.pages.AddBankPage 
  INFO  Entering IFSC Code  ABCD0012
2021-03-04 15:57:17 [main] com.testingshshtra.pages.AddBankPage 
  INFO  Entering MICR Code  123456789
2021-03-04 15:57:17 [main] com.testingshashtra.stepdefination.AddBankTest 
  INFO  Click on Submit button
2021-03-04 15:57:17 [main] com.testingshshtra.pages.AddBankPage 
  INFO  Click on Submit button
2021-03-04 15:57:17 [main] com.testingshashtra.stepdefination.AddBankTest 
  INFO  Asserting Error in Label 
2021-03-04 15:57:17 [main] com.testingshashtra.stepdefination.AddBankTest 
  INFO  length of text is more than 20    And :Account Number Must Be Of 20 Digits
2021-03-04 15:57:17 [main] com.testingshatra.setup.SeleniumBase 
  INFO  Browser Closed
]]></system-out>
    <system-err><![CDATA[Starting ChromeDriver 88.0.4324.96 (68dba2d8a0b149a1d3afac56fa74648032bcf46b-refs/branch-heads/4324@{#1784}) on port 39389
Only local connections are allowed.
Please see https://chromedriver.chromium.org/security-considerations for suggestions on keeping ChromeDriver safe.
ChromeDriver was started successfully.
Mar 04, 2021 3:57:09 PM org.openqa.selenium.remote.ProtocolHandshake createSession
INFO: Detected dialect: W3C
]]></system-err>
  </testcase>
</testsuite>