<?xml version="1.0" encoding="UTF-8"?>
<testng-results skipped="0" failed="1" ignored="0" total="3" passed="2">
  <reporter-output>
  </reporter-output>
  <suite name="Suite" duration-ms="134646" started-at="2021-02-24T18:18:45Z" finished-at="2021-02-24T18:20:59Z">
    <groups>
      <group name="cucumber">
        <method signature="AbstractTestNGCucumberTests.runScenario(io.cucumber.testng.PickleWrapper, io.cucumber.testng.FeatureWrapper)[pri:0, instance:com.testingshashtra.utility.RunnerTest@2fc1d]" name="runScenario" class="io.cucumber.testng.AbstractTestNGCucumberTests"/>
      </group> <!-- cucumber -->
    </groups>
    <test name="Test" duration-ms="134646" started-at="2021-02-24T18:18:45Z" finished-at="2021-02-24T18:20:59Z">
      <class name="com.testingshashtra.utility.RunnerTest">
        <test-method status="PASS" signature="setUpClass()[pri:0, instance:com.testingshashtra.utility.RunnerTest@2fc1d]" name="setUpClass" is-config="true" duration-ms="1298" started-at="2021-02-24T18:18:45Z" finished-at="2021-02-24T18:18:46Z">
          <reporter-output>
          </reporter-output>
        </test-method> <!-- setUpClass -->
        <test-method status="PASS" signature="runScenario(io.cucumber.testng.PickleWrapper, io.cucumber.testng.FeatureWrapper)[pri:0, instance:com.testingshashtra.utility.RunnerTest@2fc1d]" name="runScenario" duration-ms="55643" started-at="2021-02-24T18:18:46Z" description="Runs Cucumber Scenarios" data-provider="scenarios" finished-at="2021-02-24T18:19:42Z">
          <params>
            <param index="0">
              <value>
                <![CDATA["verify add bank for valid data"]]>
              </value>
            </param>
            <param index="1">
              <value>
                <![CDATA["Optional[this feature test the add  bank functionality]"]]>
              </value>
            </param>
          </params>
          <reporter-output>
          </reporter-output>
        </test-method> <!-- runScenario -->
        <test-method status="FAIL" signature="runScenario(io.cucumber.testng.PickleWrapper, io.cucumber.testng.FeatureWrapper)[pri:0, instance:com.testingshashtra.utility.RunnerTest@2fc1d]" name="runScenario" duration-ms="43558" started-at="2021-02-24T18:19:42Z" description="Runs Cucumber Scenarios" data-provider="scenarios" finished-at="2021-02-24T18:20:26Z">
          <params>
            <param index="0">
              <value>
                <![CDATA["Verify user able to update bank data"]]>
              </value>
            </param>
            <param index="1">
              <value>
                <![CDATA["Optional[This Feature test the edit fuctionality]"]]>
              </value>
            </param>
          </params>
          <exception class="org.openqa.selenium.ElementNotInteractableException">
            <message>
              <![CDATA[element not interactable
  (Session info: chrome=88.0.4324.190)
Build info: version: '3.141.59', revision: 'e82be7d358', time: '2018-11-14T08:17:03'
System info: host: 'ACER-PC', ip: '192.168.42.15', os.name: 'Windows 7', os.arch: 'x86', os.version: '6.1', java.version: '1.8.0_241'
Driver info: org.openqa.selenium.chrome.ChromeDriver
Capabilities {acceptInsecureCerts: false, browserName: chrome, browserVersion: 88.0.4324.190, chrome: {chromedriverVersion: 88.0.4324.96 (68dba2d8a0b14..., userDataDir: C:\Users\ACERUS~1\AppData\L...}, goog:chromeOptions: {debuggerAddress: localhost:37583}, javascriptEnabled: true, networkConnectionEnabled: false, pageLoadStrategy: normal, platform: WINDOWS, platformName: WINDOWS, proxy: Proxy(), setWindowRect: true, strictFileInteractability: false, timeouts: {implicit: 0, pageLoad: 300000, script: 30000}, unhandledPromptBehavior: dismiss and notify, webauthn:extension:largeBlob: true, webauthn:virtualAuthenticators: true}
Session ID: 923780e5bc27b4971c8613043b5c385a]]>
            </message>
            <full-stacktrace>
              <![CDATA[org.openqa.selenium.ElementNotInteractableException: element not interactable
  (Session info: chrome=88.0.4324.190)
Build info: version: '3.141.59', revision: 'e82be7d358', time: '2018-11-14T08:17:03'
System info: host: 'ACER-PC', ip: '192.168.42.15', os.name: 'Windows 7', os.arch: 'x86', os.version: '6.1', java.version: '1.8.0_241'
Driver info: org.openqa.selenium.chrome.ChromeDriver
Capabilities {acceptInsecureCerts: false, browserName: chrome, browserVersion: 88.0.4324.190, chrome: {chromedriverVersion: 88.0.4324.96 (68dba2d8a0b14..., userDataDir: C:\Users\ACERUS~1\AppData\L...}, goog:chromeOptions: {debuggerAddress: localhost:37583}, javascriptEnabled: true, networkConnectionEnabled: false, pageLoadStrategy: normal, platform: WINDOWS, platformName: WINDOWS, proxy: Proxy(), setWindowRect: true, strictFileInteractability: false, timeouts: {implicit: 0, pageLoad: 300000, script: 30000}, unhandledPromptBehavior: dismiss and notify, webauthn:extension:largeBlob: true, webauthn:virtualAuthenticators: true}
Session ID: 923780e5bc27b4971c8613043b5c385a
at sun.reflect.NativeConstructorAccessorImpl.newInstance0(Native Method)
at sun.reflect.NativeConstructorAccessorImpl.newInstance(NativeConstructorAccessorImpl.java:62)
at sun.reflect.DelegatingConstructorAccessorImpl.newInstance(DelegatingConstructorAccessorImpl.java:45)
at java.lang.reflect.Constructor.newInstance(Constructor.java:423)
at org.openqa.selenium.remote.http.W3CHttpResponseCodec.createException(W3CHttpResponseCodec.java:187)
at org.openqa.selenium.remote.http.W3CHttpResponseCodec.decode(W3CHttpResponseCodec.java:122)
at org.openqa.selenium.remote.http.W3CHttpResponseCodec.decode(W3CHttpResponseCodec.java:49)
at org.openqa.selenium.remote.HttpCommandExecutor.execute(HttpCommandExecutor.java:158)
at org.openqa.selenium.remote.service.DriverCommandExecutor.execute(DriverCommandExecutor.java:83)
at org.openqa.selenium.remote.RemoteWebDriver.execute(RemoteWebDriver.java:552)
at org.openqa.selenium.remote.RemoteWebElement.execute(RemoteWebElement.java:285)
at org.openqa.selenium.remote.RemoteWebElement.clear(RemoteWebElement.java:124)
at com.testingshatra.keywords.UIKeywords.clearTextBox(UIKeywords.java:63)
at com.testingshashtra.stepdefination.EditBankDetailsTest.change_data_and_click_on_edit_submit_button(EditBankDetailsTest.java:41)
at ✽.Change Data and Click on Edit submit button(file:///E:/Hawthorn2020/BhimanGroup/src/main/resources/Features/EditBankDetail.feature:11)
]]>
            </full-stacktrace>
          </exception> <!-- org.openqa.selenium.ElementNotInteractableException -->
          <reporter-output>
          </reporter-output>
        </test-method> <!-- runScenario -->
        <test-method status="PASS" signature="runScenario(io.cucumber.testng.PickleWrapper, io.cucumber.testng.FeatureWrapper)[pri:0, instance:com.testingshashtra.utility.RunnerTest@2fc1d]" name="runScenario" duration-ms="33562" started-at="2021-02-24T18:20:26Z" description="Runs Cucumber Scenarios" data-provider="scenarios" finished-at="2021-02-24T18:20:59Z">
          <params>
            <param index="0">
              <value>
                <![CDATA["verify master menu shows submenu list"]]>
              </value>
            </param>
            <param index="1">
              <value>
                <![CDATA["Optional[this feature test the main module functinality]"]]>
              </value>
            </param>
          </params>
          <reporter-output>
          </reporter-output>
        </test-method> <!-- runScenario -->
        <test-method status="PASS" signature="tearDownClass()[pri:0, instance:com.testingshashtra.utility.RunnerTest@2fc1d]" name="tearDownClass" is-config="true" duration-ms="95" started-at="2021-02-24T18:20:59Z" finished-at="2021-02-24T18:20:59Z">
          <reporter-output>
          </reporter-output>
        </test-method> <!-- tearDownClass -->
      </class> <!-- com.testingshashtra.utility.RunnerTest -->
    </test> <!-- Test -->
  </suite> <!-- Suite -->
</testng-results>
