<?xml version="1.0" encoding="UTF-8"?>
<testsuite xmlns:xsi="http://www.w3.org/2001/XMLSchema-instance" xsi:noNamespaceSchemaLocation="https://maven.apache.org/surefire/maven-surefire-plugin/xsd/surefire-test-report-3.0.xsd" version="3.0" name="TestSuite" time="144.653" tests="3" errors="0" skipped="0" failures="1">
  <properties>
[...]
</properties>
  <testcase name="runScenario[&quot;verify add bank for valid data&quot;, &quot;Optional[this feature test the add  bank functionality]&quot;](1)" classname="com.testingshashtra.utility.RunnerTest" time="55.688">
    <system-out><![CDATA[[TestNGContentHandler] [WARN] It is strongly recommended to add "<!DOCTYPE suite SYSTEM "http://testng.org/testng-1.0.dtd" >" at the top of your file, otherwise TestNG may fail or not work as expected.
2021-02-24 23:49:24 [main] com.testingshashtra.utility.Config 
  INFO  Lunching Browser : http://103.50.162.196/testing/user-login.php
2021-02-24 23:49:34 [main] com.testingshashtra.stepdefination.AddBankTest 
  INFO  Master Menu Clicked
2021-02-24 23:49:34 [main] com.testingshshtra.pages.AddBankPage 
  INFO  Click On Bank Menu
2021-02-24 23:49:36 [main] com.testingshashtra.stepdefination.AddBankTest 
  INFO  Bank Sub Menu Clicked
2021-02-24 23:49:36 [main] com.testingshashtra.stepdefination.AddBankTest 
  INFO  Waiting For Visibility Add Bank button
2021-02-24 23:49:36 [main] com.testingshshtra.pages.AddBankPage 
  INFO  Click On  Add Bank Button
2021-02-24 23:49:37 [main] com.testingshashtra.stepdefination.AddBankTest 
  INFO  Click on  Add Bank button
2021-02-24 23:49:39 [main] com.testingshshtra.pages.AddBankPage 
  INFO  Entering Bank Name Union Bank
2021-02-24 23:49:39 [main] com.testingshshtra.pages.AddBankPage 
  INFO  Entering Account Name ABS
2021-02-24 23:49:39 [main] com.testingshshtra.pages.AddBankPage 
  INFO  Entering  Account number   1234567890
2021-02-24 23:49:39 [main] com.testingshshtra.pages.AddBankPage 
  INFO  Selecting  Account Type  Savings
2021-02-24 23:49:40 [main] com.testingshshtra.pages.AddBankPage 
  INFO  Entering IFSC Code  UNBI0004567
2021-02-24 23:49:40 [main] com.testingshshtra.pages.AddBankPage 
  INFO  Entering MICR Code  145698715
2021-02-24 23:49:40 [main] com.testingshashtra.stepdefination.AddBankTest 
  INFO  Click on Submit button
2021-02-24 23:49:40 [main] com.testingshshtra.pages.AddBankPage 
  INFO  Click on Submit button
2021-02-24 23:49:40 [main] com.testingshashtra.stepdefination.AddBankTest 
  INFO  Asserting Result
2021-02-24 23:49:40 [main] com.testingshshtra.pages.AddBankPage 
  INFO  Get Success Message
2021-02-24 23:49:41 [main] com.testingshatra.setup.SeleniumBase 
  INFO  Browser Closed
]]></system-out>
    <system-err><![CDATA[SLF4J: Failed to load class "org.slf4j.impl.StaticLoggerBinder".
SLF4J: Defaulting to no-operation (NOP) logger implementation
SLF4J: See http://www.slf4j.org/codes.html#StaticLoggerBinder for further details.
Starting ChromeDriver 88.0.4324.96 (68dba2d8a0b149a1d3afac56fa74648032bcf46b-refs/branch-heads/4324@{#1784}) on port 35697
Only local connections are allowed.
Please see https://chromedriver.chromium.org/security-considerations for suggestions on keeping ChromeDriver safe.
ChromeDriver was started successfully.
Feb 24, 2021 11:49:23 PM org.openqa.selenium.remote.ProtocolHandshake createSession
INFO: Detected dialect: W3C
]]></system-err>
  </testcase>
  <testcase name="runScenario[&quot;Verify user able to update bank data&quot;, &quot;Optional[This Feature test the edit fuctionality]&quot;](2)" classname="com.testingshashtra.utility.RunnerTest" time="43.612">
    <failure message="element not interactable&#10;  (Session info: chrome=88.0.4324.190)&#10;Build info: version: &apos;3.141.59&apos;, revision: &apos;e82be7d358&apos;, time: &apos;2018-11-14T08:17:03&apos;&#10;System info: host: &apos;ACER-PC&apos;, ip: &apos;192.168.42.15&apos;, os.name: &apos;Windows 7&apos;, os.arch: &apos;x86&apos;, os.version: &apos;6.1&apos;, java.version: &apos;1.8.0_241&apos;&#10;Driver info: org.openqa.selenium.chrome.ChromeDriver&#10;Capabilities {acceptInsecureCerts: false, browserName: chrome, browserVersion: 88.0.4324.190, chrome: {chromedriverVersion: 88.0.4324.96 (68dba2d8a0b14..., userDataDir: C:\Users\ACERUS~1\AppData\L...}, goog:chromeOptions: {debuggerAddress: localhost:37583}, javascriptEnabled: true, networkConnectionEnabled: false, pageLoadStrategy: normal, platform: WINDOWS, platformName: WINDOWS, proxy: Proxy(), setWindowRect: true, strictFileInteractability: false, timeouts: {implicit: 0, pageLoad: 300000, script: 30000}, unhandledPromptBehavior: dismiss and notify, webauthn:extension:largeBlob: true, webauthn:virtualAuthenticators: true}&#10;Session ID: 923780e5bc27b4971c8613043b5c385a" type="org.openqa.selenium.ElementNotInteractableException"><![CDATA[org.openqa.selenium.ElementNotInteractableException: 
element not interactable
  (Session info: chrome=88.0.4324.190)
Build info: version: '3.141.59', revision: 'e82be7d358', time: '2018-11-14T08:17:03'
System info: host: 'ACER-PC', ip: '192.168.42.15', os.name: 'Windows 7', os.arch: 'x86', os.version: '6.1', java.version: '1.8.0_241'
Driver info: org.openqa.selenium.chrome.ChromeDriver
Capabilities {acceptInsecureCerts: false, browserName: chrome, browserVersion: 88.0.4324.190, chrome: {chromedriverVersion: 88.0.4324.96 (68dba2d8a0b14..., userDataDir: C:\Users\ACERUS~1\AppData\L...}, goog:chromeOptions: {debuggerAddress: localhost:37583}, javascriptEnabled: true, networkConnectionEnabled: false, pageLoadStrategy: normal, platform: WINDOWS, platformName: WINDOWS, proxy: Proxy(), setWindowRect: true, strictFileInteractability: false, timeouts: {implicit: 0, pageLoad: 300000, script: 30000}, unhandledPromptBehavior: dismiss and notify, webauthn:extension:largeBlob: true, webauthn:virtualAuthenticators: true}
Session ID: 923780e5bc27b4971c8613043b5c385a
]]></failure>
    <system-out><![CDATA[2021-02-24 23:49:46 [main] com.testingshashtra.utility.Config 
  INFO  Lunching Browser : http://103.50.162.196/testing/user-login.php
2021-02-24 23:49:59 [main] com.testingshashtra.stepdefination.AddBankTest 
  INFO  Master Menu Clicked
2021-02-24 23:49:59 [main] com.testingshshtra.pages.AddBankPage 
  INFO  Click On Bank Menu
2021-02-24 23:50:01 [main] com.testingshashtra.stepdefination.AddBankTest 
  INFO  Bank Sub Menu Clicked
2021-02-24 23:50:25 [main] com.testingshatra.setup.SeleniumBase 
  INFO  Browser Closed
]]></system-out>
    <system-err><![CDATA[Starting ChromeDriver 88.0.4324.96 (68dba2d8a0b149a1d3afac56fa74648032bcf46b-refs/branch-heads/4324@{#1784}) on port 43167
Only local connections are allowed.
Please see https://chromedriver.chromium.org/security-considerations for suggestions on keeping ChromeDriver safe.
ChromeDriver was started successfully.
Feb 24, 2021 11:49:46 PM org.openqa.selenium.remote.ProtocolHandshake createSession
INFO: Detected dialect: W3C
]]></system-err>
  </testcase>
  <testcase name="runScenario[&quot;verify master menu shows submenu list&quot;, &quot;Optional[this feature test the main module functinality]&quot;](3)" classname="com.testingshashtra.utility.RunnerTest" time="33.582">
    <system-out><![CDATA[2021-02-24 23:50:28 [main] com.testingshashtra.utility.Config 
  INFO  Lunching Browser : http://103.50.162.196/testing/user-login.php
2021-02-24 23:50:58 [main] com.testingshshtra.pages.MasterPage 
  INFO   Size of  Submenu : 0
2021-02-24 23:50:58 [main] com.testingshatra.setup.SeleniumBase 
  INFO  Browser Closed
]]></system-out>
    <system-err><![CDATA[Starting ChromeDriver 88.0.4324.96 (68dba2d8a0b149a1d3afac56fa74648032bcf46b-refs/branch-heads/4324@{#1784}) on port 1955
Only local connections are allowed.
Please see https://chromedriver.chromium.org/security-considerations for suggestions on keeping ChromeDriver safe.
ChromeDriver was started successfully.
Feb 24, 2021 11:50:28 PM org.openqa.selenium.remote.ProtocolHandshake createSession
INFO: Detected dialect: W3C
]]></system-err>
  </testcase>
</testsuite>