<?xml version="1.0" encoding="UTF-8"?>
<testng-results skipped="0" failed="8" ignored="0" total="10" passed="2">
  <reporter-output>
  </reporter-output>
  <suite name="Default suite" duration-ms="198174" started-at="2021-03-03T11:01:15Z" finished-at="2021-03-03T11:04:33Z">
    <groups>
      <group name="cucumber">
        <method signature="AbstractTestNGCucumberTests.runScenario(io.cucumber.testng.PickleWrapper, io.cucumber.testng.FeatureWrapper)[pri:0, instance:com.testingshastra.testrunner.RunnerTest@1e2a9e]" name="runScenario" class="io.cucumber.testng.AbstractTestNGCucumberTests"/>
      </group> <!-- cucumber -->
    </groups>
    <test name="Default test" duration-ms="198174" started-at="2021-03-03T11:01:15Z" finished-at="2021-03-03T11:04:33Z">
      <class name="com.testingshastra.testrunner.RunnerTest">
        <test-method status="PASS" signature="setUpClass()[pri:0, instance:com.testingshastra.testrunner.RunnerTest@1e2a9e]" name="setUpClass" is-config="true" duration-ms="1288" started-at="2021-03-03T11:01:15Z" finished-at="2021-03-03T11:01:16Z">
          <reporter-output>
          </reporter-output>
        </test-method> <!-- setUpClass -->
        <test-method status="FAIL" signature="runScenario(io.cucumber.testng.PickleWrapper, io.cucumber.testng.FeatureWrapper)[pri:0, instance:com.testingshastra.testrunner.RunnerTest@1e2a9e]" name="runScenario" duration-ms="42461" started-at="2021-03-03T11:01:16Z" description="Runs Cucumber Scenarios" data-provider="scenarios" finished-at="2021-03-03T11:01:59Z">
          <params>
            <param index="0">
              <value>
                <![CDATA["verify  bank name field"]]>
              </value>
            </param>
            <param index="1">
              <value>
                <![CDATA["Optional[this feature test the add  bank functionality]"]]>
              </value>
            </param>
          </params>
          <exception class="io.cucumber.java.PendingException">
            <message>
              <![CDATA[TODO: implement me]]>
            </message>
            <full-stacktrace>
              <![CDATA[io.cucumber.java.PendingException: TODO: implement me
at com.testingshashtra.stepdefination.AddBankTest.enter(AddBankTest.java:48)
at ✽.Enter '12' , 'abc','123456789123','saving' ,'ABCD0012','123456789'(file:///D:/Git%20Projects/ResoProject/BG/src/main/resources/Features/AddBankFeatures.feature:21)
]]>
            </full-stacktrace>
          </exception> <!-- io.cucumber.java.PendingException -->
          <reporter-output>
          </reporter-output>
        </test-method> <!-- runScenario -->
        <test-method status="FAIL" signature="runScenario(io.cucumber.testng.PickleWrapper, io.cucumber.testng.FeatureWrapper)[pri:0, instance:com.testingshastra.testrunner.RunnerTest@1e2a9e]" name="runScenario" duration-ms="15554" started-at="2021-03-03T11:01:59Z" description="Runs Cucumber Scenarios" data-provider="scenarios" finished-at="2021-03-03T11:02:15Z">
          <params>
            <param index="0">
              <value>
                <![CDATA["verify  bank name field"]]>
              </value>
            </param>
            <param index="1">
              <value>
                <![CDATA["Optional[this feature test the add  bank functionality]"]]>
              </value>
            </param>
          </params>
          <exception class="io.cucumber.java.PendingException">
            <message>
              <![CDATA[TODO: implement me]]>
            </message>
            <full-stacktrace>
              <![CDATA[io.cucumber.java.PendingException: TODO: implement me
at com.testingshashtra.stepdefination.AddBankTest.enter(AddBankTest.java:48)
at ✽.Enter '121223' , 'abc','123456789123','saving' ,'ABCD0012','123456789'(file:///D:/Git%20Projects/ResoProject/BG/src/main/resources/Features/AddBankFeatures.feature:21)
]]>
            </full-stacktrace>
          </exception> <!-- io.cucumber.java.PendingException -->
          <reporter-output>
          </reporter-output>
        </test-method> <!-- runScenario -->
        <test-method status="FAIL" signature="runScenario(io.cucumber.testng.PickleWrapper, io.cucumber.testng.FeatureWrapper)[pri:0, instance:com.testingshastra.testrunner.RunnerTest@1e2a9e]" name="runScenario" duration-ms="13267" started-at="2021-03-03T11:02:15Z" description="Runs Cucumber Scenarios" data-provider="scenarios" finished-at="2021-03-03T11:02:28Z">
          <params>
            <param index="0">
              <value>
                <![CDATA["verify  bank name field"]]>
              </value>
            </param>
            <param index="1">
              <value>
                <![CDATA["Optional[this feature test the add  bank functionality]"]]>
              </value>
            </param>
          </params>
          <exception class="io.cucumber.java.PendingException">
            <message>
              <![CDATA[TODO: implement me]]>
            </message>
            <full-stacktrace>
              <![CDATA[io.cucumber.java.PendingException: TODO: implement me
at com.testingshashtra.stepdefination.AddBankTest.enter(AddBankTest.java:48)
at ✽.Enter 'ds' , 'abc','123456789123','saving' ,'ABCD0012','123456789'(file:///D:/Git%20Projects/ResoProject/BG/src/main/resources/Features/AddBankFeatures.feature:21)
]]>
            </full-stacktrace>
          </exception> <!-- io.cucumber.java.PendingException -->
          <reporter-output>
          </reporter-output>
        </test-method> <!-- runScenario -->
        <test-method status="FAIL" signature="runScenario(io.cucumber.testng.PickleWrapper, io.cucumber.testng.FeatureWrapper)[pri:0, instance:com.testingshastra.testrunner.RunnerTest@1e2a9e]" name="runScenario" duration-ms="11349" started-at="2021-03-03T11:02:28Z" description="Runs Cucumber Scenarios" data-provider="scenarios" finished-at="2021-03-03T11:02:39Z">
          <params>
            <param index="0">
              <value>
                <![CDATA["verify  bank name field"]]>
              </value>
            </param>
            <param index="1">
              <value>
                <![CDATA["Optional[this feature test the add  bank functionality]"]]>
              </value>
            </param>
          </params>
          <exception class="io.cucumber.java.PendingException">
            <message>
              <![CDATA[TODO: implement me]]>
            </message>
            <full-stacktrace>
              <![CDATA[io.cucumber.java.PendingException: TODO: implement me
at com.testingshashtra.stepdefination.AddBankTest.enter(AddBankTest.java:48)
at ✽.Enter '12asssfd%vvd' , 'abc','123456789123','saving' ,'ABCD0012','123456789'(file:///D:/Git%20Projects/ResoProject/BG/src/main/resources/Features/AddBankFeatures.feature:21)
]]>
            </full-stacktrace>
          </exception> <!-- io.cucumber.java.PendingException -->
          <reporter-output>
          </reporter-output>
        </test-method> <!-- runScenario -->
        <test-method status="FAIL" signature="runScenario(io.cucumber.testng.PickleWrapper, io.cucumber.testng.FeatureWrapper)[pri:0, instance:com.testingshastra.testrunner.RunnerTest@1e2a9e]" name="runScenario" duration-ms="11680" started-at="2021-03-03T11:02:39Z" description="Runs Cucumber Scenarios" data-provider="scenarios" finished-at="2021-03-03T11:02:51Z">
          <params>
            <param index="0">
              <value>
                <![CDATA["verify  bank name field"]]>
              </value>
            </param>
            <param index="1">
              <value>
                <![CDATA["Optional[this feature test the add  bank functionality]"]]>
              </value>
            </param>
          </params>
          <exception class="io.cucumber.java.PendingException">
            <message>
              <![CDATA[TODO: implement me]]>
            </message>
            <full-stacktrace>
              <![CDATA[io.cucumber.java.PendingException: TODO: implement me
at com.testingshashtra.stepdefination.AddBankTest.enter(AddBankTest.java:48)
at ✽.Enter 'jgjf dkfgkj' , 'abc','123456789123','saving' ,'ABCD0012','123456789'(file:///D:/Git%20Projects/ResoProject/BG/src/main/resources/Features/AddBankFeatures.feature:21)
]]>
            </full-stacktrace>
          </exception> <!-- io.cucumber.java.PendingException -->
          <reporter-output>
          </reporter-output>
        </test-method> <!-- runScenario -->
        <test-method status="FAIL" signature="runScenario(io.cucumber.testng.PickleWrapper, io.cucumber.testng.FeatureWrapper)[pri:0, instance:com.testingshastra.testrunner.RunnerTest@1e2a9e]" name="runScenario" duration-ms="12517" started-at="2021-03-03T11:02:51Z" description="Runs Cucumber Scenarios" data-provider="scenarios" finished-at="2021-03-03T11:03:03Z">
          <params>
            <param index="0">
              <value>
                <![CDATA["verify  bank name field"]]>
              </value>
            </param>
            <param index="1">
              <value>
                <![CDATA["Optional[this feature test the add  bank functionality]"]]>
              </value>
            </param>
          </params>
          <exception class="io.cucumber.java.PendingException">
            <message>
              <![CDATA[TODO: implement me]]>
            </message>
            <full-stacktrace>
              <![CDATA[io.cucumber.java.PendingException: TODO: implement me
at com.testingshashtra.stepdefination.AddBankTest.enter(AddBankTest.java:48)
at ✽.Enter '' , 'abc','123456789123','saving' ,'ABCD0012','123456789'(file:///D:/Git%20Projects/ResoProject/BG/src/main/resources/Features/AddBankFeatures.feature:21)
]]>
            </full-stacktrace>
          </exception> <!-- io.cucumber.java.PendingException -->
          <reporter-output>
          </reporter-output>
        </test-method> <!-- runScenario -->
        <test-method status="FAIL" signature="runScenario(io.cucumber.testng.PickleWrapper, io.cucumber.testng.FeatureWrapper)[pri:0, instance:com.testingshastra.testrunner.RunnerTest@1e2a9e]" name="runScenario" duration-ms="11160" started-at="2021-03-03T11:03:03Z" description="Runs Cucumber Scenarios" data-provider="scenarios" finished-at="2021-03-03T11:03:15Z">
          <params>
            <param index="0">
              <value>
                <![CDATA["verify  bank name field"]]>
              </value>
            </param>
            <param index="1">
              <value>
                <![CDATA["Optional[this feature test the add  bank functionality]"]]>
              </value>
            </param>
          </params>
          <exception class="io.cucumber.java.PendingException">
            <message>
              <![CDATA[TODO: implement me]]>
            </message>
            <full-stacktrace>
              <![CDATA[io.cucumber.java.PendingException: TODO: implement me
at com.testingshashtra.stepdefination.AddBankTest.enter(AddBankTest.java:48)
at ✽.Enter '12' , 'abc','123456789123','saving' ,'ABCD0012','123456789'(file:///D:/Git%20Projects/ResoProject/BG/src/main/resources/Features/AddBankFeatures.feature:21)
]]>
            </full-stacktrace>
          </exception> <!-- io.cucumber.java.PendingException -->
          <reporter-output>
          </reporter-output>
        </test-method> <!-- runScenario -->
        <test-method status="FAIL" signature="runScenario(io.cucumber.testng.PickleWrapper, io.cucumber.testng.FeatureWrapper)[pri:0, instance:com.testingshastra.testrunner.RunnerTest@1e2a9e]" name="runScenario" duration-ms="39969" started-at="2021-03-03T11:03:15Z" description="Runs Cucumber Scenarios" data-provider="scenarios" finished-at="2021-03-03T11:03:55Z">
          <params>
            <param index="0">
              <value>
                <![CDATA["Verify user able to update bank data"]]>
              </value>
            </param>
            <param index="1">
              <value>
                <![CDATA["Optional[This Feature test the edit fuctionality]"]]>
              </value>
            </param>
          </params>
          <exception class="org.openqa.selenium.NoSuchElementException">
            <message>
              <![CDATA[no such element: Unable to locate element: {"method":"css selector","selector":"button[class='swal2-confirm styled']"}
  (Session info: chrome=88.0.4324.190)
For documentation on this error, please visit: https://www.seleniumhq.org/exceptions/no_such_element.html
Build info: version: '3.141.59', revision: 'e82be7d358', time: '2018-11-14T08:17:03'
System info: host: 'ACER-PC', ip: '192.168.42.201', os.name: 'Windows 7', os.arch: 'x86', os.version: '6.1', java.version: '1.8.0_241'
Driver info: org.openqa.selenium.chrome.ChromeDriver
Capabilities {acceptInsecureCerts: false, browserName: chrome, browserVersion: 88.0.4324.190, chrome: {chromedriverVersion: 88.0.4324.96 (68dba2d8a0b14..., userDataDir: C:\Users\ACERUS~1\AppData\L...}, goog:chromeOptions: {debuggerAddress: localhost:10459}, javascriptEnabled: true, networkConnectionEnabled: false, pageLoadStrategy: normal, platform: WINDOWS, platformName: WINDOWS, proxy: Proxy(), setWindowRect: true, strictFileInteractability: false, timeouts: {implicit: 0, pageLoad: 300000, script: 30000}, unhandledPromptBehavior: dismiss and notify, webauthn:extension:largeBlob: true, webauthn:virtualAuthenticators: true}
Session ID: 8c2652b7fa085dbc350d8371f71bcfa3
*** Element info: {Using=css selector, value=button[class='swal2-confirm styled']}]]>
            </message>
            <full-stacktrace>
              <![CDATA[org.openqa.selenium.NoSuchElementException: no such element: Unable to locate element: {"method":"css selector","selector":"button[class='swal2-confirm styled']"}
  (Session info: chrome=88.0.4324.190)
For documentation on this error, please visit: https://www.seleniumhq.org/exceptions/no_such_element.html
Build info: version: '3.141.59', revision: 'e82be7d358', time: '2018-11-14T08:17:03'
System info: host: 'ACER-PC', ip: '192.168.42.201', os.name: 'Windows 7', os.arch: 'x86', os.version: '6.1', java.version: '1.8.0_241'
Driver info: org.openqa.selenium.chrome.ChromeDriver
Capabilities {acceptInsecureCerts: false, browserName: chrome, browserVersion: 88.0.4324.190, chrome: {chromedriverVersion: 88.0.4324.96 (68dba2d8a0b14..., userDataDir: C:\Users\ACERUS~1\AppData\L...}, goog:chromeOptions: {debuggerAddress: localhost:10459}, javascriptEnabled: true, networkConnectionEnabled: false, pageLoadStrategy: normal, platform: WINDOWS, platformName: WINDOWS, proxy: Proxy(), setWindowRect: true, strictFileInteractability: false, timeouts: {implicit: 0, pageLoad: 300000, script: 30000}, unhandledPromptBehavior: dismiss and notify, webauthn:extension:largeBlob: true, webauthn:virtualAuthenticators: true}
Session ID: 8c2652b7fa085dbc350d8371f71bcfa3
*** Element info: {Using=css selector, value=button[class='swal2-confirm styled']}
at sun.reflect.NativeConstructorAccessorImpl.newInstance0(Native Method)
at sun.reflect.NativeConstructorAccessorImpl.newInstance(Unknown Source)
at sun.reflect.DelegatingConstructorAccessorImpl.newInstance(Unknown Source)
at java.lang.reflect.Constructor.newInstance(Unknown Source)
at org.openqa.selenium.remote.http.W3CHttpResponseCodec.createException(W3CHttpResponseCodec.java:187)
at org.openqa.selenium.remote.http.W3CHttpResponseCodec.decode(W3CHttpResponseCodec.java:122)
at org.openqa.selenium.remote.http.W3CHttpResponseCodec.decode(W3CHttpResponseCodec.java:49)
at org.openqa.selenium.remote.HttpCommandExecutor.execute(HttpCommandExecutor.java:158)
at org.openqa.selenium.remote.service.DriverCommandExecutor.execute(DriverCommandExecutor.java:83)
at org.openqa.selenium.remote.RemoteWebDriver.execute(RemoteWebDriver.java:552)
at org.openqa.selenium.remote.RemoteWebDriver.findElement(RemoteWebDriver.java:323)
at org.openqa.selenium.remote.RemoteWebDriver.findElementByCssSelector(RemoteWebDriver.java:420)
at org.openqa.selenium.By$ByCssSelector.findElement(By.java:431)
at org.openqa.selenium.remote.RemoteWebDriver.findElement(RemoteWebDriver.java:315)
at com.testingshshtra.pages.AddBankPage.clickOnOKButton(AddBankPage.java:166)
at com.testingshashtra.stepdefination.EditBankDetailsTest.change_data_and_click_on_edit_submit_button(EditBankDetailsTest.java:53)
at ✽.Change Data and Click on Edit submit button(file:///D:/Git%20Projects/ResoProject/BG/src/main/resources/Features/EditBankDetail.feature:15)
]]>
            </full-stacktrace>
          </exception> <!-- org.openqa.selenium.NoSuchElementException -->
          <reporter-output>
          </reporter-output>
        </test-method> <!-- runScenario -->
        <test-method status="PASS" signature="runScenario(io.cucumber.testng.PickleWrapper, io.cucumber.testng.FeatureWrapper)[pri:0, instance:com.testingshastra.testrunner.RunnerTest@1e2a9e]" name="runScenario" duration-ms="9034" started-at="2021-03-03T11:03:55Z" description="Runs Cucumber Scenarios" data-provider="scenarios" finished-at="2021-03-03T11:04:04Z">
          <params>
            <param index="0">
              <value>
                <![CDATA["verify Login for valid input"]]>
              </value>
            </param>
            <param index="1">
              <value>
                <![CDATA["Optional[This feature Test the login page  for valid and invalid Input]"]]>
              </value>
            </param>
          </params>
          <reporter-output>
          </reporter-output>
        </test-method> <!-- runScenario -->
        <test-method status="PASS" signature="runScenario(io.cucumber.testng.PickleWrapper, io.cucumber.testng.FeatureWrapper)[pri:0, instance:com.testingshastra.testrunner.RunnerTest@1e2a9e]" name="runScenario" duration-ms="28662" started-at="2021-03-03T11:04:04Z" description="Runs Cucumber Scenarios" data-provider="scenarios" finished-at="2021-03-03T11:04:33Z">
          <params>
            <param index="0">
              <value>
                <![CDATA["verify master menu shows submenu list"]]>
              </value>
            </param>
            <param index="1">
              <value>
                <![CDATA["Optional[this feature test the main module functinality]"]]>
              </value>
            </param>
          </params>
          <reporter-output>
          </reporter-output>
        </test-method> <!-- runScenario -->
        <test-method status="PASS" signature="tearDownClass()[pri:0, instance:com.testingshastra.testrunner.RunnerTest@1e2a9e]" name="tearDownClass" is-config="true" duration-ms="78" started-at="2021-03-03T11:04:33Z" finished-at="2021-03-03T11:04:33Z">
          <reporter-output>
          </reporter-output>
        </test-method> <!-- tearDownClass -->
      </class> <!-- com.testingshastra.testrunner.RunnerTest -->
    </test> <!-- Default test -->
  </suite> <!-- Default suite -->
</testng-results>
